<?xml version="1.0" encoding="UTF-8"?>
<testng-results ignored="0" total="1" passed="1" failed="0" skipped="0">
  <reporter-output>
  </reporter-output>
  <suite started-at="2021-12-09T22:30:05 IST" name="Default suite" finished-at="2021-12-09T22:30:05 IST" duration-ms="41">
    <groups>
    </groups>
    <test started-at="2021-12-09T22:30:05 IST" name="Default test" finished-at="2021-12-09T22:30:05 IST" duration-ms="41">
      <class name="OrganizationModule.CreateOrganizationTest">
        <test-method signature="createOrganizationTest()[pri:0, instance:OrganizationModule.CreateOrganizationTest@41e1e210]" started-at="2021-12-09T22:30:05 IST" name="createOrganizationTest" finished-at="2021-12-09T22:30:05 IST" duration-ms="6" status="PASS">
          <reporter-output>
          </reporter-output>
        </test-method> <!-- createOrganizationTest -->
      </class> <!-- OrganizationModule.CreateOrganizationTest -->
    </test> <!-- Default test -->
  </suite> <!-- Default suite -->
</testng-results>
